#! /usr/bin/vvp
:ivl_version "10.1 (stable)";
:ivl_delay_selection "TYPICAL";
:vpi_time_precision - 12;
:vpi_module "system";
:vpi_module "vhdl_sys";
:vpi_module "v2005_math";
:vpi_module "va_math";
S_0x55bf87578d90 .scope module, "cache_tb" "cache_tb" 2 2;
 .timescale -9 -12;
v0x55bf87599c10_0 .var "clk", 0 0;
v0x55bf87599cb0_0 .var/i "file_open", 31 0;
v0x55bf87599d90_0 .var/i "file_scan", 31 0;
v0x55bf87599e50_0 .net "hit", 0 0, v0x55bf87599990_0;  1 drivers
v0x55bf87599f20_0 .var "hit_count", 31 0;
v0x55bf8759a030_0 .var "instruction", 31 0;
v0x55bf8759a140_0 .var "miss_count", 31 0;
v0x55bf8759a220_0 .var "temp", 31 0;
S_0x55bf87578f10 .scope module, "uut" "main" 2 13, 3 2 0, S_0x55bf87578d90;
 .timescale -9 -12;
    .port_info 0 /INPUT 32 "instruction"
    .port_info 1 /INPUT 1 "clk"
    .port_info 2 /OUTPUT 1 "hit"
v0x55bf875998f0_0 .net "clk", 0 0, v0x55bf87599c10_0;  1 drivers
v0x55bf87599990_0 .var "hit", 0 0;
v0x55bf87599a30_0 .net "instruction", 31 0, v0x55bf8759a030_0;  1 drivers
v0x55bf87599b00_0 .net "signal", 0 0, v0x55bf875996d0_0;  1 drivers
E_0x55bf87569380 .event edge, v0x55bf875996d0_0;
S_0x55bf87579090 .scope module, "c" "cache" 3 10, 4 5 0, S_0x55bf87578f10;
 .timescale -9 -12;
    .port_info 0 /INPUT 32 "instruction"
    .port_info 1 /INPUT 1 "clk"
    .port_info 2 /OUTPUT 1 "signal"
L_0x7f17d8f10018 .functor BUFT 1, C4<000>, C4<0>, C4<0>, C4<0>;
v0x55bf87579480_0 .net *"_s11", 2 0, L_0x7f17d8f10018;  1 drivers
v0x55bf875990c0_0 .net *"_s3", 7 0, L_0x55bf8759a3a0;  1 drivers
v0x55bf875991a0_0 .net *"_s7", 19 0, L_0x55bf8759a5a0;  1 drivers
v0x55bf87599260 .array "cache_memory", 31 0, 23 0;
v0x55bf87599320_0 .net "clk", 0 0, v0x55bf87599c10_0;  alias, 1 drivers
v0x55bf87599430_0 .net "index", 4 0, L_0x55bf8759a4d0;  1 drivers
v0x55bf87599510_0 .net "instruction", 31 0, v0x55bf8759a030_0;  alias, 1 drivers
v0x55bf875995f0_0 .net "offset", 3 0, L_0x55bf8759a300;  1 drivers
v0x55bf875996d0_0 .var "signal", 0 0;
v0x55bf87599790_0 .net "tag", 22 0, L_0x55bf8759a670;  1 drivers
E_0x55bf8756a310 .event posedge, v0x55bf87599320_0;
L_0x55bf8759a300 .part v0x55bf8759a030_0, 0, 4;
L_0x55bf8759a3a0 .part v0x55bf8759a030_0, 4, 8;
L_0x55bf8759a4d0 .part L_0x55bf8759a3a0, 0, 5;
L_0x55bf8759a5a0 .part v0x55bf8759a030_0, 12, 20;
L_0x55bf8759a670 .concat [ 20 3 0 0], L_0x55bf8759a5a0, L_0x7f17d8f10018;
S_0x55bf875792b0 .scope begin, "loop_block" "loop_block" 4 26, 4 26 0, S_0x55bf87579090;
 .timescale -9 -12;
    .scope S_0x55bf87579090;
T_0 ;
    %wait E_0x55bf8756a310;
    %fork t_1, S_0x55bf875792b0;
    %jmp t_0;
    .scope S_0x55bf875792b0;
t_1 ;
    %load/vec4 v0x55bf87599430_0;
    %pad/u 7;
    %ix/vec4 4;
    %load/vec4a v0x55bf87599260, 4;
    %parti/s 1, 23, 6;
    %flag_set/vec4 8;
    %jmp/0xz  T_0.0, 8;
    %load/vec4 v0x55bf87599790_0;
    %load/vec4 v0x55bf87599430_0;
    %pad/u 7;
    %ix/vec4 4;
    %load/vec4a v0x55bf87599260, 4;
    %parti/s 23, 0, 2;
    %cmp/e;
    %jmp/0xz  T_0.2, 4;
    %pushi/vec4 1, 0, 1;
    %assign/vec4 v0x55bf875996d0_0, 0;
    %disable S_0x55bf875792b0;
    %jmp T_0.3;
T_0.2 ;
    %load/vec4 v0x55bf87599790_0;
    %load/vec4 v0x55bf87599430_0;
    %pad/u 7;
    %ix/vec4 3;
    %ix/load 4, 0, 0; Constant delay
    %assign/vec4/a/d v0x55bf87599260, 0, 4;
    %pushi/vec4 0, 0, 1;
    %assign/vec4 v0x55bf875996d0_0, 0;
    %disable S_0x55bf875792b0;
T_0.3 ;
    %jmp T_0.1;
T_0.0 ;
    %pushi/vec4 0, 0, 1;
    %assign/vec4 v0x55bf875996d0_0, 0;
    %load/vec4 v0x55bf87599790_0;
    %load/vec4 v0x55bf87599430_0;
    %pad/u 7;
    %ix/vec4 3;
    %ix/load 4, 0, 0; Constant delay
    %assign/vec4/a/d v0x55bf87599260, 0, 4;
    %pushi/vec4 1, 0, 1;
    %load/vec4 v0x55bf87599430_0;
    %pad/u 7;
    %ix/vec4 3;
    %ix/load 4, 23, 0; part off
    %ix/load 5, 0, 0; Constant delay
    %assign/vec4/a/d v0x55bf87599260, 4, 5;
    %disable S_0x55bf875792b0;
T_0.1 ;
    %end;
    .scope S_0x55bf87579090;
t_0 %join;
    %jmp T_0;
    .thread T_0;
    .scope S_0x55bf87578f10;
T_1 ;
    %wait E_0x55bf87569380;
    %load/vec4 v0x55bf87599b00_0;
    %pad/u 32;
    %cmpi/e 1, 0, 32;
    %jmp/0xz  T_1.0, 4;
    %pushi/vec4 1, 0, 1;
    %assign/vec4 v0x55bf87599990_0, 0;
    %jmp T_1.1;
T_1.0 ;
    %load/vec4 v0x55bf87599b00_0;
    %pad/u 32;
    %cmpi/e 0, 0, 32;
    %jmp/0xz  T_1.2, 4;
    %pushi/vec4 0, 0, 1;
    %assign/vec4 v0x55bf87599990_0, 0;
T_1.2 ;
T_1.1 ;
    %jmp T_1;
    .thread T_1, $push;
    .scope S_0x55bf87578d90;
T_2 ;
    %pushi/vec4 0, 0, 32;
    %store/vec4 v0x55bf87599f20_0, 0, 32;
    %end;
    .thread T_2;
    .scope S_0x55bf87578d90;
T_3 ;
    %pushi/vec4 0, 0, 32;
    %store/vec4 v0x55bf8759a140_0, 0, 32;
    %end;
    .thread T_3;
    .scope S_0x55bf87578d90;
T_4 ;
    %vpi_call 2 16 "$dumpfile", "cache_out.vcd" {0 0 0};
    %vpi_call 2 17 "$dumpvars", 32'sb00000000000000000000000000000000, S_0x55bf87578d90 {0 0 0};
    %pushi/vec4 0, 0, 1;
    %store/vec4 v0x55bf87599c10_0, 0, 1;
    %vpi_func 2 19 "$fopen" 32, "t5.txt", "r" {0 0 0};
    %store/vec4 v0x55bf87599cb0_0, 0, 32;
T_4.0 ;
    %vpi_func 2 20 "$feof" 32, v0x55bf87599cb0_0 {0 0 0};
    %nor/r;
    %flag_set/vec4 8;
    %jmp/0xz T_4.1, 8;
    %vpi_func 2 22 "$fscanf" 32, v0x55bf87599cb0_0, "%b\012", v0x55bf8759a220_0 {0 0 0};
    %store/vec4 v0x55bf87599d90_0, 0, 32;
    %load/vec4 v0x55bf8759a220_0;
    %store/vec4 v0x55bf8759a030_0, 0, 32;
    %delay 10000, 0;
    %jmp T_4.0;
T_4.1 ;
    %delay 10000, 0;
    %vpi_call 2 26 "$finish" {0 0 0};
    %end;
    .thread T_4;
    .scope S_0x55bf87578d90;
T_5 ;
    %delay 5000, 0;
    %load/vec4 v0x55bf87599c10_0;
    %inv;
    %store/vec4 v0x55bf87599c10_0, 0, 1;
    %load/vec4 v0x55bf87599c10_0;
    %pad/u 32;
    %pushi/vec4 1, 0, 32;
    %cmp/e;
    %flag_get/vec4 4;
    %load/vec4 v0x55bf87599e50_0;
    %pad/u 32;
    %pushi/vec4 1, 0, 32;
    %cmp/e;
    %flag_get/vec4 4;
    %and;
    %flag_set/vec4 8;
    %jmp/0xz  T_5.0, 8;
    %load/vec4 v0x55bf87599f20_0;
    %addi 1, 0, 32;
    %store/vec4 v0x55bf87599f20_0, 0, 32;
T_5.0 ;
    %load/vec4 v0x55bf87599c10_0;
    %pad/u 32;
    %pushi/vec4 1, 0, 32;
    %cmp/e;
    %flag_get/vec4 4;
    %load/vec4 v0x55bf87599e50_0;
    %pad/u 32;
    %pushi/vec4 0, 0, 32;
    %cmp/e;
    %flag_get/vec4 4;
    %and;
    %flag_set/vec4 8;
    %jmp/0xz  T_5.2, 8;
    %load/vec4 v0x55bf8759a140_0;
    %addi 1, 0, 32;
    %store/vec4 v0x55bf8759a140_0, 0, 32;
T_5.2 ;
    %jmp T_5;
    .thread T_5;
    .scope S_0x55bf87578d90;
T_6 ;
    %vpi_call 2 37 "$display", " hitCount     missCount" {0 0 0};
    %vpi_call 2 38 "$monitor", v0x55bf87599f20_0, "   ", v0x55bf8759a140_0 {0 0 0};
    %end;
    .thread T_6;
# The file index is used to find the file name in the following table.
:file_names 5;
    "N/A";
    "<interactive>";
    "IMT2017514_cache_tb.v";
    "IMT2017514_main.v";
    "IMT2017514_cache.v";
